<?xml version="1.0" encoding="UTF-8"?>
<!-- Generated by org.testng.reporters.JUnitReportReporter -->
<testsuite name="Tests.Sprint1.VerifyFunds_Addfunds_pending" tests="9" time="4.825" ignored="0" failures="0" timestamp="02 May 2017 09:49:05 GMT" skipped="0" hostname="MacBook.local" errors="0">
  <testcase name="UIDTest" time="0.061" classname="Tests.Sprint1.VerifyFunds_Addfunds_pending"/>
  <testcase name="SearchButtonTest" time="0.053" classname="Tests.Sprint1.VerifyFunds_Addfunds_pending"/>
  <testcase name="PageHeadingTest" time="0.054" classname="Tests.Sprint1.VerifyFunds_Addfunds_pending"/>
  <testcase name="TableHeadingTest" time="0.055" classname="Tests.Sprint1.VerifyFunds_Addfunds_pending"/>
  <testcase name="AmountAddedTest" time="0.057" classname="Tests.Sprint1.VerifyFunds_Addfunds_pending"/>
  <testcase name="VerifyAmountTest" time="0.053" classname="Tests.Sprint1.VerifyFunds_Addfunds_pending"/>
  <testcase name="AmountFormatTest" time="0.056" classname="Tests.Sprint1.VerifyFunds_Addfunds_pending"/>
  <testcase name="LRCButtonTest" time="4.353" classname="Tests.Sprint1.VerifyFunds_Addfunds_pending"/>
  <testcase name="InvestorNameTest" time="0.083" classname="Tests.Sprint1.VerifyFunds_Addfunds_pending"/>
</testsuite> <!-- Tests.Sprint1.VerifyFunds_Addfunds_pending -->
