<?xml version="1.0" encoding="UTF-8"?>
<!-- Generated by org.testng.reporters.JUnitReportReporter -->
<testsuite name="Repo.ManagerLogin" tests="1" time="1.744" ignored="0" failures="0" timestamp="01 May 2017 00:11:42 GMT" skipped="0" hostname="MacBook.local" errors="0">
  <testcase name="ManagerLoginTest" time="1.744" classname="Repo.ManagerLogin"/>
</testsuite> <!-- Repo.ManagerLogin -->
