<?xml version="1.0" encoding="UTF-8"?>
<!-- Generated by org.testng.reporters.JUnitReportReporter -->
<testsuite name="Tests.Sprint1.Dashboard" tests="6" time="10.233" ignored="0" failures="0" timestamp="02 May 2017 09:16:05 GMT" skipped="0" hostname="MacBook.local" errors="0">
  <testcase name="AboutUsTabTest" time="0.536" classname="Tests.Sprint1.Dashboard"/>
  <testcase name="RegisterTabTest" time="0.346" classname="Tests.Sprint1.Dashboard"/>
  <testcase name="HowItWorksTabTest" time="0.437" classname="Tests.Sprint1.Dashboard"/>
  <testcase name="LoginTabTest" time="0.539" classname="Tests.Sprint1.Dashboard"/>
  <testcase name="BusinessOwnerTabTest" time="4.437" classname="Tests.Sprint1.Dashboard"/>
  <testcase name="InvestingTabTest" time="3.938" classname="Tests.Sprint1.Dashboard"/>
</testsuite> <!-- Tests.Sprint1.Dashboard -->
