<?xml version="1.0" encoding="UTF-8"?>
<!-- Generated by org.testng.reporters.JUnitReportReporter -->
<testsuite name="Tests.Sprint1.VerifyFunds_LoanPayment_AcceptedRejected" tests="9" time="10.392" ignored="0" failures="0" timestamp="02 May 2017 09:50:17 GMT" skipped="0" hostname="MacBook.local" errors="0">
  <testcase name="UIDTest" time="0.054" classname="Tests.Sprint1.VerifyFunds_LoanPayment_AcceptedRejected"/>
  <testcase name="SearchButtonTest" time="0.053" classname="Tests.Sprint1.VerifyFunds_LoanPayment_AcceptedRejected"/>
  <testcase name="PageHeadingTest" time="0.056" classname="Tests.Sprint1.VerifyFunds_LoanPayment_AcceptedRejected"/>
  <testcase name="TableHeadingTest" time="0.054" classname="Tests.Sprint1.VerifyFunds_LoanPayment_AcceptedRejected"/>
  <testcase name="AmountPaidTest" time="2.058" classname="Tests.Sprint1.VerifyFunds_LoanPayment_AcceptedRejected"/>
  <testcase name="VerifyAmountTest" time="0.052" classname="Tests.Sprint1.VerifyFunds_LoanPayment_AcceptedRejected"/>
  <testcase name="AmountVerifiedTest" time="0.052" classname="Tests.Sprint1.VerifyFunds_LoanPayment_AcceptedRejected"/>
  <testcase name="LoanPaymentButtonTest" time="5.949" classname="Tests.Sprint1.VerifyFunds_LoanPayment_AcceptedRejected"/>
  <testcase name="BONameTest" time="2.064" classname="Tests.Sprint1.VerifyFunds_LoanPayment_AcceptedRejected"/>
</testsuite> <!-- Tests.Sprint1.VerifyFunds_LoanPayment_AcceptedRejected -->
