<?xml version="1.0" encoding="UTF-8"?>
<!-- Generated by org.testng.reporters.JUnitReportReporter -->
<testsuite name="Tests.Sprint1.UserSpecificTest" tests="2" time="4.377" ignored="0" failures="0" timestamp="02 May 2017 09:46:12 GMT" skipped="0" hostname="MacBook.local" errors="0">
  <testcase name="BorrowerButtonTest" time="1.490" classname="Tests.Sprint1.UserSpecificTest"/>
  <testcase name="investorButtonTest" time="2.887" classname="Tests.Sprint1.UserSpecificTest"/>
</testsuite> <!-- Tests.Sprint1.UserSpecificTest -->
