<?xml version="1.0" encoding="UTF-8"?>
<!-- Generated by org.testng.reporters.JUnitReportReporter -->
<testsuite name="Tests.Updatemanager" tests="1" time="7.902" ignored="0" failures="0" timestamp="01 May 2017 01:29:05 GMT" skipped="0" hostname="MacBook.local" errors="0">
  <testcase name="SuccessfulUpdatemanagerTest" time="7.902" classname="Tests.Updatemanager"/>
</testsuite> <!-- Tests.Updatemanager -->
