<?xml version="1.0" encoding="UTF-8"?>
<!-- Generated by org.testng.reporters.JUnitReportReporter -->
<testsuite name="Tests.Sprint1.VerifyFunds_LoanPayment_Reject" tests="3" time="18.667" ignored="0" failures="0" timestamp="02 May 2017 09:51:48 GMT" skipped="0" hostname="MacBook.local" errors="0">
  <testcase name="RejectYesTest" time="11.802" classname="Tests.Sprint1.VerifyFunds_LoanPayment_Reject"/>
  <testcase name="LoanPaymentButtonTest" time="4.599" classname="Tests.Sprint1.VerifyFunds_LoanPayment_Reject"/>
  <testcase name="RejectNoTest" time="2.266" classname="Tests.Sprint1.VerifyFunds_LoanPayment_Reject"/>
</testsuite> <!-- Tests.Sprint1.VerifyFunds_LoanPayment_Reject -->
