<?xml version="1.0" encoding="UTF-8"?>
<!-- Generated by org.testng.reporters.JUnitReportReporter -->
<testsuite name="Tests.Sprint1.VerifyFunds_Addfunds_Reject" tests="3" time="25.717" ignored="0" failures="0" timestamp="02 May 2017 09:49:48 GMT" skipped="0" hostname="MacBook.local" errors="0">
  <testcase name="RejectNoTest" time="2.365" classname="Tests.Sprint1.VerifyFunds_Addfunds_Reject"/>
  <testcase name="LRCButtonTest" time="4.592" classname="Tests.Sprint1.VerifyFunds_Addfunds_Reject"/>
  <testcase name="RejectYesTest" time="18.760" classname="Tests.Sprint1.VerifyFunds_Addfunds_Reject"/>
</testsuite> <!-- Tests.Sprint1.VerifyFunds_Addfunds_Reject -->
