<?xml version="1.0" encoding="UTF-8"?>
<!-- Generated by org.testng.reporters.JUnitReportReporter -->
<testsuite name="Tests.Sprint1.VerifyFunds_Addfunds_AcceptedRejected" tests="8" time="4.869" ignored="0" failures="0" timestamp="02 May 2017 09:48:06 GMT" skipped="0" hostname="MacBook.local" errors="0">
  <testcase name="LRCButtonTest" time="4.479" classname="Tests.Sprint1.VerifyFunds_Addfunds_AcceptedRejected"/>
  <testcase name="SearchButtonTest" time="0.053" classname="Tests.Sprint1.VerifyFunds_Addfunds_AcceptedRejected"/>
  <testcase name="AmountAddedTest" time="0.057" classname="Tests.Sprint1.VerifyFunds_Addfunds_AcceptedRejected"/>
  <testcase name="UIDTest" time="0.055" classname="Tests.Sprint1.VerifyFunds_Addfunds_AcceptedRejected"/>
  <testcase name="InvestorNameTest" time="0.066" classname="Tests.Sprint1.VerifyFunds_Addfunds_AcceptedRejected"/>
  <testcase name="VerifyAmountTest" time="0.053" classname="Tests.Sprint1.VerifyFunds_Addfunds_AcceptedRejected"/>
  <testcase name="StatusTest" time="0.051" classname="Tests.Sprint1.VerifyFunds_Addfunds_AcceptedRejected"/>
  <testcase name="TableHeadingTest" time="0.055" classname="Tests.Sprint1.VerifyFunds_Addfunds_AcceptedRejected"/>
</testsuite> <!-- Tests.Sprint1.VerifyFunds_Addfunds_AcceptedRejected -->
