<?xml version="1.0" encoding="UTF-8"?>
<!-- Generated by org.testng.reporters.JUnitReportReporter -->
<testsuite name="Tests.Sprint1.VerifyFunds_Addfunds_Approve" tests="1" time="4.757" ignored="0" failures="0" timestamp="02 May 2017 09:48:40 GMT" skipped="0" hostname="MacBook.local" errors="0">
  <testcase name="LRCButtonTest" time="4.757" classname="Tests.Sprint1.VerifyFunds_Addfunds_Approve"/>
</testsuite> <!-- Tests.Sprint1.VerifyFunds_Addfunds_Approve -->
