<?xml version="1.0" encoding="UTF-8"?>
<!-- Generated by org.testng.reporters.JUnitReportReporter -->
<testsuite name="Tests.Sprint1.BrowseLoansCancelTest" tests="1" time="10.649" ignored="0" failures="0" timestamp="02 May 2017 09:10:41 GMT" skipped="0" hostname="MacBook.local" errors="0">
  <testcase name="InvestNowButtonTest" time="10.649" classname="Tests.Sprint1.BrowseLoansCancelTest"/>
</testsuite> <!-- Tests.Sprint1.BrowseLoansCancelTest -->
