<?xml version="1.0" encoding="UTF-8"?>
<!-- Generated by org.testng.reporters.JUnitReportReporter -->
<testsuite name="Tests.Sprint1.Sprint2.BO_StatusApply" tests="1" time="19.401" ignored="0" failures="0" timestamp="01 May 2017 02:37:40 GMT" skipped="0" hostname="MacBook.local" errors="0">
  <testcase name="BOformFillTest" time="19.401" classname="Tests.Sprint1.Sprint2.BO_StatusApply"/>
</testsuite> <!-- Tests.Sprint1.Sprint2.BO_StatusApply -->
