<?xml version="1.0" encoding="UTF-8"?>
<!-- Generated by org.testng.reporters.JUnitReportReporter -->
<testsuite name="Tests.Sprint1.VerifyFunds_LoanPayment_Pending" tests="10" time="9.179" ignored="0" failures="0" timestamp="02 May 2017 09:51:13 GMT" skipped="0" hostname="MacBook.local" errors="0">
  <testcase name="UIDTest" time="0.055" classname="Tests.Sprint1.VerifyFunds_LoanPayment_Pending"/>
  <testcase name="TableHeadingTest" time="0.053" classname="Tests.Sprint1.VerifyFunds_LoanPayment_Pending"/>
  <testcase name="RejectButtonTest" time="0.055" classname="Tests.Sprint1.VerifyFunds_LoanPayment_Pending"/>
  <testcase name="PageHeadingTest" time="0.057" classname="Tests.Sprint1.VerifyFunds_LoanPayment_Pending"/>
  <testcase name="AmountPaidTest" time="2.063" classname="Tests.Sprint1.VerifyFunds_LoanPayment_Pending"/>
  <testcase name="VerifyAmountTest" time="0.055" classname="Tests.Sprint1.VerifyFunds_LoanPayment_Pending"/>
  <testcase name="ApproveButtonTest" time="0.053" classname="Tests.Sprint1.VerifyFunds_LoanPayment_Pending"/>
  <testcase name="LoanPaymentButtonTest" time="4.674" classname="Tests.Sprint1.VerifyFunds_LoanPayment_Pending"/>
  <testcase name="BONameTest" time="2.061" classname="Tests.Sprint1.VerifyFunds_LoanPayment_Pending"/>
  <testcase name="SearchButtonTest" time="0.053" classname="Tests.Sprint1.VerifyFunds_LoanPayment_Pending"/>
</testsuite> <!-- Tests.Sprint1.VerifyFunds_LoanPayment_Pending -->
