<?xml version="1.0" encoding="UTF-8"?>
<!-- Generated by org.testng.reporters.JUnitReportReporter -->
<testsuite name="Tests.Sprint1.BO_myLoans" tests="8" time="5.251" ignored="0" failures="0" timestamp="01 May 2017 22:43:11 GMT" skipped="0" hostname="MacBook.local" errors="0">
  <testcase name="LoanAmountTest" time="0.111" classname="Tests.Sprint1.BO_myLoans"/>
  <testcase name="LoanTitleTest" time="0.055" classname="Tests.Sprint1.BO_myLoans"/>
  <testcase name="SearchButtonTest" time="0.063" classname="Tests.Sprint1.BO_myLoans"/>
  <testcase name="TableHeadingTest" time="0.054" classname="Tests.Sprint1.BO_myLoans"/>
  <testcase name="PageHeadingTest" time="0.056" classname="Tests.Sprint1.BO_myLoans"/>
  <testcase name="ButtonCheck" time="4.786" classname="Tests.Sprint1.BO_myLoans"/>
  <testcase name="LoanDurationTest" time="0.062" classname="Tests.Sprint1.BO_myLoans"/>
  <testcase name="LoanPurposeTest" time="0.064" classname="Tests.Sprint1.BO_myLoans"/>
</testsuite> <!-- Tests.Sprint1.BO_myLoans -->
