<?xml version="1.0" encoding="UTF-8"?>
<!-- Generated by org.testng.reporters.JUnitReportReporter -->
<testsuite name="Tests.Sprint1.ApplyLoanl_loanPurpose" tests="1" time="6.993" ignored="0" failures="0" timestamp="02 May 2017 08:43:10 GMT" skipped="0" hostname="MacBook.local" errors="0">
  <testcase name="LoanPurposeValidation" time="6.993" classname="Tests.Sprint1.ApplyLoanl_loanPurpose"/>
</testsuite> <!-- Tests.Sprint1.ApplyLoanl_loanPurpose -->
