<?xml version="1.0" encoding="UTF-8"?>
<!-- Generated by org.testng.reporters.JUnitReportReporter -->
<testsuite name="Tests.Sprint1.LoanEstimator" tests="1" time="4.564" ignored="0" failures="0" timestamp="02 May 2017 09:28:36 GMT" skipped="0" hostname="MacBook.local" errors="0">
  <testcase name="LoanEstimatorTest" time="4.564" classname="Tests.Sprint1.LoanEstimator"/>
</testsuite> <!-- Tests.Sprint1.LoanEstimator -->
