<?xml version="1.0" encoding="UTF-8"?>
<!-- Generated by org.testng.reporters.JUnitReportReporter -->
<testsuite name="Tests.Sprint1.Disbursed_YesTest" tests="4" time="15.198" ignored="0" failures="0" timestamp="02 May 2017 09:17:30 GMT" skipped="0" hostname="MacBook.local" errors="0">
  <testcase name="BackButton" time="0.560" classname="Tests.Sprint1.Disbursed_YesTest"/>
  <testcase name="AccountDetails" time="0.052" classname="Tests.Sprint1.Disbursed_YesTest"/>
  <testcase name="DisburseYesButton" time="10.467" classname="Tests.Sprint1.Disbursed_YesTest"/>
  <testcase name="DisbursementButtonTest" time="4.119" classname="Tests.Sprint1.Disbursed_YesTest"/>
</testsuite> <!-- Tests.Sprint1.Disbursed_YesTest -->
