<?xml version="1.0" encoding="UTF-8"?>
<!-- Generated by org.testng.reporters.JUnitReportReporter -->
<testsuite name="Tests.Sprint1.LoanPaymentPageValidation" tests="10" time="5.134" ignored="0" failures="0" timestamp="02 May 2017 09:31:32 GMT" skipped="0" hostname="MacBook.local" errors="0">
  <testcase name="MonthlyAmountTest" time="0.053" classname="Tests.Sprint1.LoanPaymentPageValidation"/>
  <testcase name="SearchButtonTest" time="0.053" classname="Tests.Sprint1.LoanPaymentPageValidation"/>
  <testcase name="TableHeadingTest" time="0.059" classname="Tests.Sprint1.LoanPaymentPageValidation"/>
  <testcase name="PageHeadingTest" time="0.052" classname="Tests.Sprint1.LoanPaymentPageValidation"/>
  <testcase name="BackButtonTest" time="0.348" classname="Tests.Sprint1.LoanPaymentPageValidation"/>
  <testcase name="LoanDurationTest" time="0.054" classname="Tests.Sprint1.LoanPaymentPageValidation"/>
  <testcase name="RemainingAmountTest" time="0.052" classname="Tests.Sprint1.LoanPaymentPageValidation"/>
  <testcase name="PaymentTest" time="0.054" classname="Tests.Sprint1.LoanPaymentPageValidation"/>
  <testcase name="LoanPaymentButtonTest" time="4.346" classname="Tests.Sprint1.LoanPaymentPageValidation"/>
  <testcase name="LoanTitleTest" time="0.063" classname="Tests.Sprint1.LoanPaymentPageValidation"/>
</testsuite> <!-- Tests.Sprint1.LoanPaymentPageValidation -->
