<?xml version="1.0" encoding="UTF-8"?>
<!-- Generated by org.testng.reporters.JUnitReportReporter -->
<testsuite name="Tests.Sprint1.ApplyLoan" tests="1" time="11.825" ignored="0" failures="0" timestamp="02 May 2017 08:42:47 GMT" skipped="0" hostname="MacBook.local" errors="0">
  <testcase name="LoanPurposeValidation" time="11.825" classname="Tests.Sprint1.ApplyLoan"/>
</testsuite> <!-- Tests.Sprint1.ApplyLoan -->
