<?xml version="1.0" encoding="UTF-8"?>
<!-- Generated by org.testng.reporters.JUnitReportReporter -->
<testsuite name="Tests.Sprint1.NewsLetter" tests="2" time="3.673" ignored="0" failures="0" timestamp="02 May 2017 09:42:02 GMT" skipped="0" hostname="MacBook.local" errors="0">
  <testcase name="SuccessfulNewsLetterSignupTest" time="2.109" classname="Tests.Sprint1.NewsLetter"/>
  <testcase name="ValidateInputFieldTest" time="1.564" classname="Tests.Sprint1.NewsLetter"/>
</testsuite> <!-- Tests.Sprint1.NewsLetter -->
