<?xml version="1.0" encoding="UTF-8"?>
<!-- Generated by org.testng.reporters.JUnitReportReporter -->
<testsuite name="Tests.Sprint1.ManagerButton" tests="1" time="4.397" ignored="0" failures="0" timestamp="02 May 2017 09:39:12 GMT" skipped="0" hostname="MacBook.local" errors="0">
  <testcase name="CreatemanagerButtonTest" time="4.397" classname="Tests.Sprint1.ManagerButton"/>
</testsuite> <!-- Tests.Sprint1.ManagerButton -->
