<?xml version="1.0" encoding="UTF-8"?>
<!-- Generated by org.testng.reporters.JUnitReportReporter -->
<testsuite name="Tests.Sprint1.LRC" tests="9" time="4.936" ignored="0" failures="0" timestamp="02 May 2017 09:38:53 GMT" skipped="0" hostname="MacBook.local" errors="0">
  <testcase name="LoanDurationTest" time="0.059" classname="Tests.Sprint1.LRC"/>
  <testcase name="SearchButtonTest" time="0.053" classname="Tests.Sprint1.LRC"/>
  <testcase name="PageHeadingTest" time="0.056" classname="Tests.Sprint1.LRC"/>
  <testcase name="TableHeadingTest" time="0.056" classname="Tests.Sprint1.LRC"/>
  <testcase name="LoanAmountTest" time="0.056" classname="Tests.Sprint1.LRC"/>
  <testcase name="LoanPurposeTest" time="0.052" classname="Tests.Sprint1.LRC"/>
  <testcase name="DetailsTest" time="0.051" classname="Tests.Sprint1.LRC"/>
  <testcase name="LRCButtonTest" time="4.485" classname="Tests.Sprint1.LRC"/>
  <testcase name="LoanTitleTest" time="0.068" classname="Tests.Sprint1.LRC"/>
</testsuite> <!-- Tests.Sprint1.LRC -->
