<?xml version="1.0" encoding="UTF-8"?>
<!-- Generated by org.testng.reporters.JUnitReportReporter -->
<testsuite name="Tests.Sprint1.InvestorRegistration" tests="1" time="3.744" ignored="0" failures="0" timestamp="01 May 2017 02:58:51 GMT" skipped="0" hostname="MacBook.local" errors="0">
  <testcase name="investorRegistrationTest" time="3.744" classname="Tests.Sprint1.InvestorRegistration"/>
</testsuite> <!-- Tests.Sprint1.InvestorRegistration -->
