<?xml version="1.0" encoding="UTF-8"?>
<!-- Generated by org.testng.reporters.JUnitReportReporter -->
<testsuite name="Tests.Sprint1.Disbursement_PendingLoansValidation" tests="8" time="5.033" ignored="0" failures="0" timestamp="02 May 2017 09:25:39 GMT" skipped="0" hostname="MacBook.local" errors="0">
  <testcase name="DisbursementButtonTest" time="4.643" classname="Tests.Sprint1.Disbursement_PendingLoansValidation"/>
  <testcase name="SearchButtonTest" time="0.054" classname="Tests.Sprint1.Disbursement_PendingLoansValidation"/>
  <testcase name="LoanAmountTest" time="0.059" classname="Tests.Sprint1.Disbursement_PendingLoansValidation"/>
  <testcase name="LoanDurationTest" time="0.052" classname="Tests.Sprint1.Disbursement_PendingLoansValidation"/>
  <testcase name="LoanTitleTest" time="0.068" classname="Tests.Sprint1.Disbursement_PendingLoansValidation"/>
  <testcase name="AmountFundedTest" time="0.051" classname="Tests.Sprint1.Disbursement_PendingLoansValidation"/>
  <testcase name="TableHeadingTest" time="0.053" classname="Tests.Sprint1.Disbursement_PendingLoansValidation"/>
  <testcase name="PageHeadingTest" time="0.053" classname="Tests.Sprint1.Disbursement_PendingLoansValidation"/>
</testsuite> <!-- Tests.Sprint1.Disbursement_PendingLoansValidation -->
