<?xml version="1.0" encoding="UTF-8"?>
<!-- Generated by org.testng.reporters.JUnitReportReporter -->
<testsuite name="Tests.Sprint1.LoanPayment_PayNow" tests="3" time="16.590" ignored="0" failures="0" timestamp="02 May 2017 09:29:10 GMT" skipped="0" hostname="MacBook.local" errors="0">
  <testcase name="PayNowYesTest" time="8.948" classname="Tests.Sprint1.LoanPayment_PayNow"/>
  <testcase name="PayNowNoTest" time="2.581" classname="Tests.Sprint1.LoanPayment_PayNow"/>
  <testcase name="LoanPaymentButtonTest" time="5.061" classname="Tests.Sprint1.LoanPayment_PayNow"/>
</testsuite> <!-- Tests.Sprint1.LoanPayment_PayNow -->
