<?xml version="1.0" encoding="UTF-8"?>
<!-- Generated by org.testng.reporters.JUnitReportReporter -->
<testsuite name="Tests.Sprint1.ApplyLoan_loanDuration" tests="1" time="7.148" ignored="0" failures="0" timestamp="02 May 2017 08:41:46 GMT" skipped="0" hostname="MacBook.local" errors="0">
  <testcase name="LoanDurationValidation" time="7.148" classname="Tests.Sprint1.ApplyLoan_loanDuration"/>
</testsuite> <!-- Tests.Sprint1.ApplyLoan_loanDuration -->
