<?xml version="1.0" encoding="UTF-8"?>
<!-- Generated by org.testng.reporters.JUnitReportReporter -->
<testsuite name="Tests.Sprint1.LRCbuttonTest" tests="1" time="4.383" ignored="0" failures="0" timestamp="01 May 2017 20:28:05 GMT" skipped="0" hostname="MacBook.local" errors="0">
  <testcase name="LRCButton" time="4.383" classname="Tests.Sprint1.LRCbuttonTest"/>
</testsuite> <!-- Tests.Sprint1.LRCbuttonTest -->
