<?xml version="1.0" encoding="UTF-8"?>
<!-- Generated by org.testng.reporters.JUnitReportReporter -->
<testsuite name="Tests.Sprint1.BrowseLoans_availableLoans" tests="9" time="5.146" ignored="0" failures="0" timestamp="02 May 2017 09:07:33 GMT" skipped="0" hostname="MacBook.local" errors="0">
  <testcase name="LoanDurationTest" time="0.052" classname="Tests.Sprint1.BrowseLoans_availableLoans"/>
  <testcase name="SearchButtonTest" time="0.054" classname="Tests.Sprint1.BrowseLoans_availableLoans"/>
  <testcase name="ActionsTest" time="0.059" classname="Tests.Sprint1.BrowseLoans_availableLoans"/>
  <testcase name="InvestButtonTest" time="0.053" classname="Tests.Sprint1.BrowseLoans_availableLoans"/>
  <testcase name="LoanAmountTest" time="0.059" classname="Tests.Sprint1.BrowseLoans_availableLoans"/>
  <testcase name="LoanPurposeTest" time="0.053" classname="Tests.Sprint1.BrowseLoans_availableLoans"/>
  <testcase name="TotalAmountFundedTest" time="0.056" classname="Tests.Sprint1.BrowseLoans_availableLoans"/>
  <testcase name="BrowseLoansButtonTest" time="4.690" classname="Tests.Sprint1.BrowseLoans_availableLoans"/>
  <testcase name="LoanTitleTest" time="0.070" classname="Tests.Sprint1.BrowseLoans_availableLoans"/>
</testsuite> <!-- Tests.Sprint1.BrowseLoans_availableLoans -->
