<?xml version="1.0" encoding="UTF-8"?>
<!-- Generated by org.testng.reporters.JUnitReportReporter -->
<testsuite name="Tests.Sprint1.ApplyLoan_loanTitle" tests="1" time="6.762" ignored="0" failures="0" timestamp="02 May 2017 08:42:14 GMT" skipped="0" hostname="MacBook.local" errors="0">
  <testcase name="LoanTitleValidation" time="6.762" classname="Tests.Sprint1.ApplyLoan_loanTitle"/>
</testsuite> <!-- Tests.Sprint1.ApplyLoan_loanTitle -->
