<?xml version="1.0" encoding="UTF-8"?>
<!-- Generated by org.testng.reporters.JUnitReportReporter -->
<testsuite name="Tests.Dashboard" tests="6" time="10.176" ignored="0" failures="0" timestamp="01 May 2017 00:13:31 GMT" skipped="0" hostname="MacBook.local" errors="0">
  <testcase name="BusinessOwnerTabTest" time="5.328" classname="Tests.Dashboard"/>
  <testcase name="InvestingTabTest" time="2.879" classname="Tests.Dashboard"/>
  <testcase name="LoginTabTest" time="0.776" classname="Tests.Dashboard"/>
  <testcase name="RegisterTabTest" time="0.352" classname="Tests.Dashboard"/>
  <testcase name="HowItWorksTabTest" time="0.394" classname="Tests.Dashboard"/>
  <testcase name="AboutUsTabTest" time="0.447" classname="Tests.Dashboard"/>
</testsuite> <!-- Tests.Dashboard -->
