<?xml version="1.0" encoding="UTF-8"?>
<!-- Generated by org.testng.reporters.JUnitReportReporter -->
<testsuite name="Tests.Sprint1.Deletemanager" tests="1" time="7.026" ignored="0" failures="0" timestamp="02 May 2017 09:16:36 GMT" skipped="0" hostname="MacBook.local" errors="0">
  <testcase name="SuccessfulUpdatemanagerTest" time="7.026" classname="Tests.Sprint1.Deletemanager"/>
</testsuite> <!-- Tests.Sprint1.Deletemanager -->
