<?xml version="1.0" encoding="UTF-8"?>
<!-- Generated by org.testng.reporters.JUnitReportReporter -->
<testsuite name="Tests.Sprint1.LRC_viewDetails" tests="3" time="5.466" ignored="0" failures="0" timestamp="02 May 2017 09:36:29 GMT" skipped="0" hostname="MacBook.local" errors="0">
  <testcase name="ViewDetailsButton" time="0.421" classname="Tests.Sprint1.LRC_viewDetails"/>
  <testcase name="LRCButtonTest" time="4.520" classname="Tests.Sprint1.LRC_viewDetails"/>
  <testcase name="ViewDetailsBackButton" time="0.525" classname="Tests.Sprint1.LRC_viewDetails"/>
</testsuite> <!-- Tests.Sprint1.LRC_viewDetails -->
