<?xml version="1.0" encoding="UTF-8"?>
<!-- Generated by org.testng.reporters.JUnitReportReporter -->
<testsuite name="Tests.Sprint1.VerifyFunds_LoanPayment_Approve" tests="1" time="5.017" ignored="0" failures="0" timestamp="02 May 2017 09:50:44 GMT" skipped="0" hostname="MacBook.local" errors="0">
  <testcase name="LoanPaymentButtonTest" time="5.017" classname="Tests.Sprint1.VerifyFunds_LoanPayment_Approve"/>
</testsuite> <!-- Tests.Sprint1.VerifyFunds_LoanPayment_Approve -->
