<?xml version="1.0" encoding="UTF-8"?>
<!-- Generated by org.testng.reporters.JUnitReportReporter -->
<testsuite name="Tests.Sprint1.Disburse_noTest" tests="2" time="7.394" ignored="0" failures="0" timestamp="02 May 2017 09:16:59 GMT" skipped="0" hostname="MacBook.local" errors="0">
  <testcase name="DisburseNoButton" time="2.250" classname="Tests.Sprint1.Disburse_noTest"/>
  <testcase name="DisbursementButtonTest" time="5.144" classname="Tests.Sprint1.Disburse_noTest"/>
</testsuite> <!-- Tests.Sprint1.Disburse_noTest -->
