<?xml version="1.0" encoding="UTF-8"?>
<!-- Generated by org.testng.reporters.JUnitReportReporter -->
<testsuite name="Tests.Sprint1.BrowseLoansInvestNowPageValidation" tests="5" time="5.040" ignored="0" failures="0" timestamp="02 May 2017 09:14:37 GMT" skipped="0" hostname="MacBook.local" errors="0">
  <testcase name="InvestNowButtonTest" time="4.819" classname="Tests.Sprint1.BrowseLoansInvestNowPageValidation"/>
  <testcase name="loanAmountAvailableToInvest" time="0.055" classname="Tests.Sprint1.BrowseLoansInvestNowPageValidation"/>
  <testcase name="SubmitValidation" time="0.054" classname="Tests.Sprint1.BrowseLoansInvestNowPageValidation"/>
  <testcase name="AmountAvailableToInvest" time="0.059" classname="Tests.Sprint1.BrowseLoansInvestNowPageValidation"/>
  <testcase name="CancelValidation" time="0.053" classname="Tests.Sprint1.BrowseLoansInvestNowPageValidation"/>
</testsuite> <!-- Tests.Sprint1.BrowseLoansInvestNowPageValidation -->
