<?xml version="1.0" encoding="UTF-8"?>
<!-- Generated by org.testng.reporters.JUnitReportReporter -->
<testsuite name="Tests.Sprint1.BorrowerRegistration" tests="1" time="4.343" ignored="0" failures="0" timestamp="01 May 2017 02:57:11 GMT" skipped="0" hostname="MacBook.local" errors="0">
  <testcase name="investorRegistrationTest" time="4.343" classname="Tests.Sprint1.BorrowerRegistration"/>
</testsuite> <!-- Tests.Sprint1.BorrowerRegistration -->
