<?xml version="1.0" encoding="UTF-8"?>
<!-- Generated by org.testng.reporters.JUnitReportReporter -->
<testsuite name="Tests.Sprint1.Disbursement_DisbursedLoansValidation" tests="9" time="5.170" ignored="0" failures="0" timestamp="02 May 2017 09:19:50 GMT" skipped="0" hostname="MacBook.local" errors="0">
  <testcase name="TableHeadingTest" time="0.061" classname="Tests.Sprint1.Disbursement_DisbursedLoansValidation"/>
  <testcase name="LoanTitleTest" time="0.066" classname="Tests.Sprint1.Disbursement_DisbursedLoansValidation"/>
  <testcase name="LoanPurposeTest" time="0.066" classname="Tests.Sprint1.Disbursement_DisbursedLoansValidation"/>
  <testcase name="PageHeadingTest" time="0.059" classname="Tests.Sprint1.Disbursement_DisbursedLoansValidation"/>
  <testcase name="SearchButtonTest" time="0.061" classname="Tests.Sprint1.Disbursement_DisbursedLoansValidation"/>
  <testcase name="DisbursementButtonTest" time="4.647" classname="Tests.Sprint1.Disbursement_DisbursedLoansValidation"/>
  <testcase name="LoanAmountTest" time="0.070" classname="Tests.Sprint1.Disbursement_DisbursedLoansValidation"/>
  <testcase name="LoanDurationTest" time="0.067" classname="Tests.Sprint1.Disbursement_DisbursedLoansValidation"/>
  <testcase name="StatusTest" time="0.073" classname="Tests.Sprint1.Disbursement_DisbursedLoansValidation"/>
</testsuite> <!-- Tests.Sprint1.Disbursement_DisbursedLoansValidation -->
