<?xml version="1.0" encoding="UTF-8"?>
<!-- Generated by org.testng.reporters.JUnitReportReporter -->
<testsuite name="Tests.Sprint1.BrowseLoans_MyInvestedLoans" tests="8" time="5.068" ignored="0" failures="0" timestamp="02 May 2017 09:09:55 GMT" skipped="0" hostname="MacBook.local" errors="0">
  <testcase name="LoanTitleTest" time="0.101" classname="Tests.Sprint1.BrowseLoans_MyInvestedLoans"/>
  <testcase name="LoanAmountTest" time="0.072" classname="Tests.Sprint1.BrowseLoans_MyInvestedLoans"/>
  <testcase name="TotalAmountFundedTest" time="0.066" classname="Tests.Sprint1.BrowseLoans_MyInvestedLoans"/>
  <testcase name="InvestedAmountTest" time="0.078" classname="Tests.Sprint1.BrowseLoans_MyInvestedLoans"/>
  <testcase name="SearchButtonTest" time="0.066" classname="Tests.Sprint1.BrowseLoans_MyInvestedLoans"/>
  <testcase name="BrowseLoansButtonTest" time="4.548" classname="Tests.Sprint1.BrowseLoans_MyInvestedLoans"/>
  <testcase name="LoanDurationTest" time="0.066" classname="Tests.Sprint1.BrowseLoans_MyInvestedLoans"/>
  <testcase name="LoanPurposeTest" time="0.071" classname="Tests.Sprint1.BrowseLoans_MyInvestedLoans"/>
</testsuite> <!-- Tests.Sprint1.BrowseLoans_MyInvestedLoans -->
