<?xml version="1.0" encoding="UTF-8"?>
<!-- Generated by org.testng.reporters.JUnitReportReporter -->
<testsuite name="Tests.Sprint1.LRC_Approve" tests="3" time="12.202" ignored="0" failures="0" timestamp="02 May 2017 09:34:02 GMT" skipped="0" hostname="MacBook.local" errors="0">
  <testcase name="LRCButtonTest" time="4.234" classname="Tests.Sprint1.LRC_Approve"/>
  <testcase name="RejectYesButton" time="5.633" classname="Tests.Sprint1.LRC_Approve"/>
  <testcase name="ApproveNoButton" time="2.335" classname="Tests.Sprint1.LRC_Approve"/>
</testsuite> <!-- Tests.Sprint1.LRC_Approve -->
