<?xml version="1.0" encoding="UTF-8"?>
<!-- Generated by org.testng.reporters.JUnitReportReporter -->
<testsuite name="Tests.Createmanager" tests="1" time="10.223" ignored="0" failures="0" timestamp="01 May 2017 01:15:08 GMT" skipped="0" hostname="MacBook.local" errors="0">
  <testcase name="SuccessfulCreatemanagerTest" time="10.223" classname="Tests.Createmanager"/>
</testsuite> <!-- Tests.Createmanager -->
