<?xml version="1.0" encoding="UTF-8"?>
<!-- Generated by org.testng.reporters.JUnitReportReporter -->
<testsuite name="Tests.UserSpecificTest" tests="2" time="4.429" ignored="0" failures="0" timestamp="01 May 2017 00:33:59 GMT" skipped="0" hostname="MacBook.local" errors="0">
  <testcase name="BorrowerButtonTest" time="3.013" classname="Tests.UserSpecificTest"/>
  <testcase name="investorButtonTest" time="1.416" classname="Tests.UserSpecificTest"/>
</testsuite> <!-- Tests.UserSpecificTest -->
