<?xml version="1.0" encoding="UTF-8"?>
<!-- Generated by org.testng.reporters.JUnitReportReporter -->
<testsuite name="Tests.Sprint1.BO_myLoans_PendingLoansValidation" tests="8" time="5.076" ignored="0" failures="0" timestamp="02 May 2017 08:45:44 GMT" skipped="0" hostname="MacBook.local" errors="0">
  <testcase name="TableHeadingTest" time="0.055" classname="Tests.Sprint1.BO_myLoans_PendingLoansValidation"/>
  <testcase name="LoanPurposeTest" time="0.058" classname="Tests.Sprint1.BO_myLoans_PendingLoansValidation"/>
  <testcase name="LoanTitleTest" time="0.054" classname="Tests.Sprint1.BO_myLoans_PendingLoansValidation"/>
  <testcase name="LoanDurationTest" time="0.065" classname="Tests.Sprint1.BO_myLoans_PendingLoansValidation"/>
  <testcase name="SearchButtonTest" time="0.054" classname="Tests.Sprint1.BO_myLoans_PendingLoansValidation"/>
  <testcase name="ButtonCheck" time="4.648" classname="Tests.Sprint1.BO_myLoans_PendingLoansValidation"/>
  <testcase name="LoanAmountTest" time="0.088" classname="Tests.Sprint1.BO_myLoans_PendingLoansValidation"/>
  <testcase name="PageHeadingTest" time="0.054" classname="Tests.Sprint1.BO_myLoans_PendingLoansValidation"/>
</testsuite> <!-- Tests.Sprint1.BO_myLoans_PendingLoansValidation -->
