<?xml version="1.0" encoding="UTF-8"?>
<!-- Generated by org.testng.reporters.JUnitReportReporter -->
<testsuite name="Tests.NewsLetter" tests="2" time="3.790" ignored="0" failures="0" timestamp="01 May 2017 00:16:26 GMT" skipped="0" hostname="MacBook.local" errors="0">
  <testcase name="SuccessfulNewsLetterSignupTest" time="2.164" classname="Tests.NewsLetter"/>
  <testcase name="ValidateInputFieldTest" time="1.626" classname="Tests.NewsLetter"/>
</testsuite> <!-- Tests.NewsLetter -->
