<?xml version="1.0" encoding="UTF-8"?>
<!-- Generated by org.testng.reporters.JUnitReportReporter -->
<testsuite name="Tests.Sprint1.Createmanager" tests="1" time="9.294" ignored="0" failures="0" timestamp="02 May 2017 09:15:15 GMT" skipped="0" hostname="MacBook.local" errors="0">
  <testcase name="SuccessfulCreatemanagerTest" time="9.294" classname="Tests.Sprint1.Createmanager"/>
</testsuite> <!-- Tests.Sprint1.Createmanager -->
