<?xml version="1.0" encoding="UTF-8"?>
<!-- Generated by org.testng.reporters.JUnitReportReporter -->
<testsuite name="Tests.Sprint1.LRC_accepted_Rejected" tests="8" time="4.665" ignored="0" failures="0" timestamp="02 May 2017 09:33:21 GMT" skipped="0" hostname="MacBook.local" errors="0">
  <testcase name="LRCButtonTest" time="4.271" classname="Tests.Sprint1.LRC_accepted_Rejected"/>
  <testcase name="SearchButtonTest" time="0.054" classname="Tests.Sprint1.LRC_accepted_Rejected"/>
  <testcase name="LoanAmountTest" time="0.060" classname="Tests.Sprint1.LRC_accepted_Rejected"/>
  <testcase name="LoanDurationTest" time="0.052" classname="Tests.Sprint1.LRC_accepted_Rejected"/>
  <testcase name="LoanTitleTest" time="0.068" classname="Tests.Sprint1.LRC_accepted_Rejected"/>
  <testcase name="LoanPurposeTest" time="0.052" classname="Tests.Sprint1.LRC_accepted_Rejected"/>
  <testcase name="StatusTest" time="0.052" classname="Tests.Sprint1.LRC_accepted_Rejected"/>
  <testcase name="TableHeadingTest" time="0.056" classname="Tests.Sprint1.LRC_accepted_Rejected"/>
</testsuite> <!-- Tests.Sprint1.LRC_accepted_Rejected -->
