<?xml version="1.0" encoding="UTF-8"?>
<!-- Generated by org.testng.reporters.JUnitReportReporter -->
<testsuite name="Tests.Sprint1.BOmyLoansTest" tests="2" time="11.577" ignored="0" failures="0" timestamp="02 May 2017 09:04:58 GMT" skipped="0" hostname="MacBook.local" errors="0">
  <testcase name="MyloansFunctionality" time="4.334" classname="Tests.Sprint1.BOmyLoansTest"/>
  <testcase name="RejectNoTest" time="7.243" classname="Tests.Sprint1.BOmyLoansTest"/>
</testsuite> <!-- Tests.Sprint1.BOmyLoansTest -->
